<?xml version="1.0" encoding="UTF-8"?>
<testsuite xmlns:xsi="http://www.w3.org/2001/XMLSchema-instance" xsi:schemaLocation="https://maven.apache.org/surefire/maven-surefire-plugin/xsd/surefire-test-report.xsd" name="runner.Runner" time="144.216" tests="1" errors="1" skipped="0" failures="0">
  <properties>
    <property name="JOB_NAME" value="Medicine 1 Flow"/>
    <property name="java.vendor" value="Oracle Corporation"/>
    <property name="sun.java.launcher" value="SUN_STANDARD"/>
    <property name="RUN_TESTS_DISPLAY_URL" value="http://localhost:8080/job/Medicine%201%20Flow/148/display/redirect?page=tests"/>
    <property name="NUMBER_OF_PROCESSORS" value="4"/>
    <property name="sun.management.compiler" value="HotSpot 64-Bit Tiered Compilers"/>
    <property name="JENKINS_HOME" value="C:\Users\Netmeds\.jenkins"/>
    <property name="FPS_BROWSER_USER_PROFILE_STRING" value="Default"/>
    <property name="HUDSON_SERVER_COOKIE" value="1a3f2d9b080a5a44"/>
    <property name="POM_ARTIFACTID" value="Monitor"/>
    <property name="os.name" value="Windows 10"/>
    <property name="EXECUTOR_NUMBER" value="1"/>
    <property name="sun.desktop" value="windows"/>
    <property name="PATHEXT" value=".COM;.EXE;.BAT;.CMD;.VBS;.VBE;.JS;.JSE;.WSF;.WSH;.MSC"/>
    <property name="POM_DISPLAYNAME" value="Monitor"/>
    <property name="java.vm.specification.vendor" value="Oracle Corporation"/>
    <property name="TEMP" value="C:\Users\Netmeds\AppData\Local\Temp"/>
    <property name="NODE_LABELS" value="built-in"/>
    <property name="java.runtime.version" value="11.0.16.1+1-LTS-1"/>
    <property name="FPS_BROWSER_APP_PROFILE_STRING" value="Internet Explorer"/>
    <property name="user.name" value="Netmeds"/>
    <property name="guice.disable.misplaced.annotation.check" value="true"/>
    <property name="CommonProgramW6432" value="C:\Program Files\Common Files"/>
    <property name="ProgramFiles" value="C:\Program Files"/>
    <property name="PROMPT" value="$P$G"/>
    <property name="user.language" value="en"/>
    <property name="JOB_BASE_NAME" value="Medicine 1 Flow"/>
    <property name="RUN_CHANGES_DISPLAY_URL" value="http://localhost:8080/job/Medicine%201%20Flow/148/display/redirect?page=changes"/>
    <property name="BUILD_DISPLAY_NAME" value="#148"/>
    <property name="OneDrive" value="C:\Users\Netmeds\OneDrive"/>
    <property name="sun.boot.library.path" value="C:\Program Files\Java\jdk-11.0.16.1\bin"/>
    <property name="java.vm.compressedOopsMode" value="32-bit"/>
    <property name="LOCALAPPDATA" value="C:\Users\Netmeds\AppData\Local"/>
    <property name="java.version" value="11.0.16.1"/>
    <property name="user.timezone" value="Asia/Calcutta"/>
    <property name="PROCESSOR_LEVEL" value="6"/>
    <property name="USERNAME" value="Netmeds"/>
    <property name="sun.arch.data.model" value="64"/>
    <property name="NODE_NAME" value="built-in"/>
    <property name="BUILD_ID" value="148"/>
    <property name="CLIENTNAME" value="VITLAP170"/>
    <property name="sun.cpu.isalist" value="amd64"/>
    <property name="sun.jnu.encoding" value="Cp1252"/>
    <property name="maven.conf" value="C:\Program Files\apache-maven-3.6.3\conf"/>
    <property name="HOMEDRIVE" value="C:"/>
    <property name="file.separator" value="\"/>
    <property name="java.specification.name" value="Java Platform API Specification"/>
    <property name="java.class.version" value="55.0"/>
    <property name="=::" value="::\"/>
    <property name="org.slf4j.simpleLogger.defaultLogLevel" value="info"/>
    <property name="user.country" value="US"/>
    <property name="ALLUSERSPROFILE" value="C:\ProgramData"/>
    <property name="java.home" value="C:\Program Files\Java\jdk-11.0.16.1"/>
    <property name="java.vm.info" value="mixed mode"/>
    <property name="os.version" value="10.0"/>
    <property name="RUN_DISPLAY_URL" value="http://localhost:8080/job/Medicine%201%20Flow/148/display/redirect"/>
    <property name="POM_VERSION" value="0.0.1-SNAPSHOT"/>
    <property name="TMP" value="C:\Users\Netmeds\AppData\Local\Temp"/>
    <property name="path.separator" value=";"/>
    <property name="RUN_ARTIFACTS_DISPLAY_URL" value="http://localhost:8080/job/Medicine%201%20Flow/148/display/redirect?page=artifacts"/>
    <property name="java.vm.version" value="11.0.16.1+1-LTS-1"/>
    <property name="user.variant" value=""/>
    <property name="CommonProgramFiles(x86)" value="C:\Program Files (x86)\Common Files"/>
    <property name="JOB_DISPLAY_URL" value="http://localhost:8080/job/Medicine%201%20Flow/display/redirect"/>
    <property name="USERDOMAIN_ROAMINGPROFILE" value="NMSPC467"/>
    <property name="java.awt.printerjob" value="sun.awt.windows.WPrinterJob"/>
    <property name="CommonProgramFiles" value="C:\Program Files\Common Files"/>
    <property name="sun.io.unicode.encoding" value="UnicodeLittle"/>
    <property name="JAVA_HOME" value="C:\Program Files\Java\jdk-11.0.16.1\"/>
    <property name="ComSpec" value="C:\WINDOWS\system32\cmd.exe"/>
    <property name="HOMEPATH" value="\Users\Netmeds"/>
    <property name="awt.toolkit" value="sun.awt.windows.WToolkit"/>
    <property name="POM_PACKAGING" value="jar"/>
    <property name="COMPUTERNAME" value="NMSPC467"/>
    <property name="user.script" value=""/>
    <property name="POM_GROUPID" value="Cucumber"/>
    <property name="user.home" value="C:\Users\Netmeds"/>
    <property name="PUBLIC" value="C:\Users\Public"/>
    <property name="BUILD_TAG" value="jenkins-Medicine 1 Flow-148"/>
    <property name="JENKINS_SERVER_COOKIE" value="1a3f2d9b080a5a44"/>
    <property name="HUDSON_URL" value="http://localhost:8080/"/>
    <property name="ProgramData" value="C:\ProgramData"/>
    <property name="java.version.date" value="2022-08-18"/>
    <property name="java.specification.vendor" value="Oracle Corporation"/>
    <property name="USERPROFILE" value="C:\Users\Netmeds"/>
    <property name="CLASSPATH" value=""/>
    <property name="java.library.path" value="C:\Program Files\Java\jdk-11.0.16.1\bin;C:\WINDOWS\Sun\Java\bin;C:\WINDOWS\system32;C:\WINDOWS;C:\Program Files\apache-maven-3.6.3/bin;C:\Program Files\Java\jdk-11.0.16.1\/bin;C:\Program Files\Java\jdk-11.0.16.1\/bin;C:\Program Files\Common Files\Oracle\Java\javapath;C:\ProgramData\Oracle\Java\javapath;C:\WINDOWS\system32;C:\WINDOWS;C:\WINDOWS\System32\Wbem;C:\WINDOWS\System32\WindowsPowerShell\v1.0\;C:\WINDOWS\System32\OpenSSH\;C:\Program Files\Java\jdk-11.0.16.1\bin;C:\Program Files\apache-maven-3.6.3\bin;C:\Program Files (x86)\Google\Chrome\Application;C:\Program Files\Git\cmd;C:\Users\Netmeds\AppData\Local\Microsoft\WindowsApps;;."/>
    <property name="java.vendor.url" value="https://openjdk.java.net/"/>
    <property name="java.vm.vendor" value="Oracle Corporation"/>
    <property name="APPDATA" value="C:\Users\Netmeds\AppData\Roaming"/>
    <property name="java.runtime.name" value="Java(TM) SE Runtime Environment"/>
    <property name="maven.home" value="C:\Program Files\apache-maven-3.6.3"/>
    <property name="java.class.path" value="C:\Users\Netmeds\.jenkins\plugins\maven-plugin\WEB-INF\lib\maven35-agent-1.14.jar;C:\Program Files\apache-maven-3.6.3\boot\plexus-classworlds-2.6.0.jar;C:\Program Files\apache-maven-3.6.3/conf/logging"/>
    <property name="sun.java.command" value="jenkins.maven3.agent.Maven35Main C:\Program Files\apache-maven-3.6.3 C:\Users\Netmeds\.jenkins\war\WEB-INF\lib\remoting-3085.vc4c6977c075a.jar C:\Users\Netmeds\.jenkins\plugins\maven-plugin\WEB-INF\lib\maven35-interceptor-1.14.jar C:\Users\Netmeds\.jenkins\plugins\maven-plugin\WEB-INF\lib\maven3-interceptor-commons-1.14.jar 49217"/>
    <property name="Path" value="C:\Program Files\Java\jdk-11.0.16.1\/bin;C:\Program Files\Common Files\Oracle\Java\javapath;C:\ProgramData\Oracle\Java\javapath;C:\WINDOWS\system32;C:\WINDOWS;C:\WINDOWS\System32\Wbem;C:\WINDOWS\System32\WindowsPowerShell\v1.0\;C:\WINDOWS\System32\OpenSSH\;C:\Program Files\Java\jdk-11.0.16.1\bin;C:\Program Files\apache-maven-3.6.3\bin;C:\Program Files (x86)\Google\Chrome\Application;C:\Program Files\Git\cmd;C:\Users\Netmeds\AppData\Local\Microsoft\WindowsApps;"/>
    <property name="jdk.debug" value="release"/>
    <property name="PROCESSOR_ARCHITECTURE" value="AMD64"/>
    <property name="java.vm.specification.name" value="Java Virtual Machine Specification"/>
    <property name="PATH+JDK" value="C:\Program Files\Java\jdk-11.0.16.1\/bin"/>
    <property name="SESSIONNAME" value="RDP-Tcp#1"/>
    <property name="PROCESSOR_IDENTIFIER" value="Intel64 Family 6 Model 158 Stepping 11, GenuineIntel"/>
    <property name="java.vm.specification.version" value="11"/>
    <property name="M2_HOME" value="C:\Program Files\apache-maven-3.6.3"/>
    <property name="sun.cpu.endian" value="little"/>
    <property name="sun.os.patch.level" value=""/>
    <property name="OS" value="Windows_NT"/>
    <property name="=D:" value="D:\Browser"/>
    <property name="CI" value="true"/>
    <property name="java.io.tmpdir" value="C:\Users\Netmeds\AppData\Local\Temp\"/>
    <property name="HUDSON_HOME" value="C:\Users\Netmeds\.jenkins"/>
    <property name="PATH+MAVEN" value="C:\Program Files\apache-maven-3.6.3/bin"/>
    <property name="ProgramFiles(x86)" value="C:\Program Files (x86)"/>
    <property name="java.vendor.url.bug" value="https://bugreport.java.com/bugreport/"/>
    <property name="BUILD_URL" value="http://localhost:8080/job/Medicine%201%20Flow/148/"/>
    <property name="SystemRoot" value="C:\WINDOWS"/>
    <property name="os.arch" value="amd64"/>
    <property name="java.awt.graphicsenv" value="sun.awt.Win32GraphicsEnvironment"/>
    <property name="user.dir" value="C:\Users\Netmeds\eclipse-workspace\Monitor"/>
    <property name="JOB_URL" value="http://localhost:8080/job/Medicine%201%20Flow/"/>
    <property name="LOGONSERVER" value="\\NMSPC467"/>
    <property name="USERDOMAIN" value="NMSPC467"/>
    <property name="MAVEN_HOME" value="C:\Program Files\apache-maven-3.6.3"/>
    <property name="line.separator" value="&#10;"/>
    <property name="java.vm.name" value="Java HotSpot(TM) 64-Bit Server VM"/>
    <property name="BUILD_NUMBER" value="148"/>
    <property name="PROCESSOR_REVISION" value="9e0b"/>
    <property name="JENKINS_URL" value="http://localhost:8080/"/>
    <property name="ProgramW6432" value="C:\Program Files"/>
    <property name="windir" value="C:\WINDOWS"/>
    <property name="=C:" value="C:\Users\Netmeds"/>
    <property name="file.encoding" value="Cp1252"/>
    <property name="SystemDrive" value="C:"/>
    <property name="maven3.interceptor" value="C:\Users\Netmeds\.jenkins\plugins\maven-plugin\WEB-INF\lib\maven35-interceptor-1.14.jar"/>
    <property name="WORKSPACE_TMP" value="C:\Users\Netmeds\.jenkins\workspace\Medicine 1 Flow@tmp"/>
    <property name="WORKSPACE" value="C:\Users\Netmeds\.jenkins\workspace\Medicine 1 Flow"/>
    <property name="maven3.interceptor.common" value="C:\Users\Netmeds\.jenkins\plugins\maven-plugin\WEB-INF\lib\maven3-interceptor-commons-1.14.jar"/>
    <property name="PSModulePath" value="C:\Program Files\WindowsPowerShell\Modules;C:\WINDOWS\system32\WindowsPowerShell\v1.0\Modules"/>
    <property name="java.specification.version" value="11"/>
    <property name="DriverData" value="C:\Windows\System32\Drivers\DriverData"/>
    <property name="java.vendor.version" value="18.9"/>
  </properties>
  <testcase name="Search the any of the Product and add into the Cart and Place the Order" classname="Medicine flow to check and place the order" time="138.291">
    <error message="element click intercepted: Element &lt;div class=&quot;text&quot;&gt;...&lt;/div&gt; is not clickable at point (1132, 44). Other element would receive the click: &lt;iframe title=&quot;notification-frame-22a357429&quot; name=&quot;notification-frame-22a357429&quot; id=&quot;webklipper-publisher-widget-container-notification-frame&quot; frameborder=&quot;0&quot; marginheight=&quot;0&quot; marginwidth=&quot;0&quot; style=&quot;display: block; position: fixed; z-index: 16776272; left: -1000px; top: -1000px; width: 100%; visibility: visible; overflow: visible; height: 61.5185px; transform: translate(1000px, 1000px);&quot; data-notification-layout-id=&quot;~fg00aad&quot; data-notification-layout-name=&quot;undefined&quot; cd_frame_id_=&quot;0390690fcc67e6fa2171a2407fa4d849&quot;&gt;&lt;/iframe&gt;&#10;  (Session info: chrome=114.0.5735.199)&#10;Build info: version: &apos;4.10.0&apos;, revision: &apos;c14d967899&apos;&#10;System info: os.name: &apos;Windows 10&apos;, os.arch: &apos;amd64&apos;, os.version: &apos;10.0&apos;, java.version: &apos;11.0.16.1&apos;&#10;Driver info: org.openqa.selenium.chrome.ChromeDriver&#10;Command: [4b55d0ccff08965de654a72c8d893275, clickElement {id=C6A1ADEAFA7C93D63448360157451900_element_1863}]&#10;Capabilities {acceptInsecureCerts: false, browserName: chrome, browserVersion: 114.0.5735.199, chrome: {chromedriverVersion: 114.0.5735.90 (386bc09e8f4f...}, goog:chromeOptions: {debuggerAddress: localhost:9988}, pageLoadStrategy: normal, platformName: any, proxy: Proxy(), se:cdp: ws://localhost:9988/devtool..., se:cdpVersion: 114.0.5735.199, setWindowRect: false, strictFileInteractability: false, timeouts: {implicit: 0, pageLoad: 300000, script: 30000}, unhandledPromptBehavior: dismiss and notify, webauthn:extension:credBlob: true, webauthn:extension:largeBlob: true, webauthn:extension:minPinLength: true, webauthn:extension:prf: true, webauthn:virtualAuthenticators: true}&#10;Element: [[ChromeDriver: chrome on any (4b55d0ccff08965de654a72c8d893275)] -&gt; xpath: //div[@class=&apos;text&apos;]]&#10;Session ID: 4b55d0ccff08965de654a72c8d893275" type="org.openqa.selenium.ElementClickInterceptedException"><![CDATA[org.openqa.selenium.ElementClickInterceptedException: 
element click intercepted: Element <div class="text">...</div> is not clickable at point (1132, 44). Other element would receive the click: <iframe title="notification-frame-22a357429" name="notification-frame-22a357429" id="webklipper-publisher-widget-container-notification-frame" frameborder="0" marginheight="0" marginwidth="0" style="display: block; position: fixed; z-index: 16776272; left: -1000px; top: -1000px; width: 100%; visibility: visible; overflow: visible; height: 61.5185px; transform: translate(1000px, 1000px);" data-notification-layout-id="~fg00aad" data-notification-layout-name="undefined" cd_frame_id_="0390690fcc67e6fa2171a2407fa4d849"></iframe>
  (Session info: chrome=114.0.5735.199)
Build info: version: '4.10.0', revision: 'c14d967899'
System info: os.name: 'Windows 10', os.arch: 'amd64', os.version: '10.0', java.version: '11.0.16.1'
Driver info: org.openqa.selenium.chrome.ChromeDriver
Command: [4b55d0ccff08965de654a72c8d893275, clickElement {id=C6A1ADEAFA7C93D63448360157451900_element_1863}]
Capabilities {acceptInsecureCerts: false, browserName: chrome, browserVersion: 114.0.5735.199, chrome: {chromedriverVersion: 114.0.5735.90 (386bc09e8f4f...}, goog:chromeOptions: {debuggerAddress: localhost:9988}, pageLoadStrategy: normal, platformName: any, proxy: Proxy(), se:cdp: ws://localhost:9988/devtool..., se:cdpVersion: 114.0.5735.199, setWindowRect: false, strictFileInteractability: false, timeouts: {implicit: 0, pageLoad: 300000, script: 30000}, unhandledPromptBehavior: dismiss and notify, webauthn:extension:credBlob: true, webauthn:extension:largeBlob: true, webauthn:extension:minPinLength: true, webauthn:extension:prf: true, webauthn:virtualAuthenticators: true}
Element: [[ChromeDriver: chrome on any (4b55d0ccff08965de654a72c8d893275)] -> xpath: //div[@class='text']]
Session ID: 4b55d0ccff08965de654a72c8d893275
]]></error>
    <system-out><![CDATA[
@tag @tag1
Scenario: Search the any of the Product and add into the Cart and Place the Order # src/test/resources/M1.feature:8
The Logged User was : Test Test
  Given Check Already Logged in Browser was Opened                                # stepDefinition.MedicineFlow1.check_already_logged_in_browser_was_opened()
  When Clear the Cart and  Search the Product                                     # stepDefinition.MedicineFlow1.clear_the_cart_and_search_the_product()
  And click on Add to the cart and add the product                                # stepDefinition.MedicineFlow1.click_on_add_to_the_cart_and_add_the_product()
  And Click on cart page proceed the Product to Order Page                        # stepDefinition.MedicineFlow1.click_on_cart_page_proceed_the_product_to_order_page()
      org.openqa.selenium.ElementClickInterceptedException: element click intercepted: Element <div class="text">...</div> is not clickable at point (1132, 44). Other element would receive the click: <iframe title="notification-frame-22a357429" name="notification-frame-22a357429" id="webklipper-publisher-widget-container-notification-frame" frameborder="0" marginheight="0" marginwidth="0" style="display: block; position: fixed; z-index: 16776272; left: -1000px; top: -1000px; width: 100%; visibility: visible; overflow: visible; height: 61.5185px; transform: translate(1000px, 1000px);" data-notification-layout-id="~fg00aad" data-notification-layout-name="undefined" cd_frame_id_="0390690fcc67e6fa2171a2407fa4d849"></iframe>
  (Session info: chrome=114.0.5735.199)
Build info: version: '4.10.0', revision: 'c14d967899'
System info: os.name: 'Windows 10', os.arch: 'amd64', os.version: '10.0', java.version: '11.0.16.1'
Driver info: org.openqa.selenium.chrome.ChromeDriver
Command: [4b55d0ccff08965de654a72c8d893275, clickElement {id=C6A1ADEAFA7C93D63448360157451900_element_1863}]
Capabilities {acceptInsecureCerts: false, browserName: chrome, browserVersion: 114.0.5735.199, chrome: {chromedriverVersion: 114.0.5735.90 (386bc09e8f4f...}, goog:chromeOptions: {debuggerAddress: localhost:9988}, pageLoadStrategy: normal, platformName: any, proxy: Proxy(), se:cdp: ws://localhost:9988/devtool..., se:cdpVersion: 114.0.5735.199, setWindowRect: false, strictFileInteractability: false, timeouts: {implicit: 0, pageLoad: 300000, script: 30000}, unhandledPromptBehavior: dismiss and notify, webauthn:extension:credBlob: true, webauthn:extension:largeBlob: true, webauthn:extension:minPinLength: true, webauthn:extension:prf: true, webauthn:virtualAuthenticators: true}
Element: [[ChromeDriver: chrome on any (4b55d0ccff08965de654a72c8d893275)] -> xpath: //div[@class='text']]
Session ID: 4b55d0ccff08965de654a72c8d893275
	at java.base/jdk.internal.reflect.NativeConstructorAccessorImpl.newInstance0(Native Method)
	at java.base/jdk.internal.reflect.NativeConstructorAccessorImpl.newInstance(NativeConstructorAccessorImpl.java:62)
	at java.base/jdk.internal.reflect.DelegatingConstructorAccessorImpl.newInstance(DelegatingConstructorAccessorImpl.java:45)
	at java.base/java.lang.reflect.Constructor.newInstance(Constructor.java:490)
	at org.openqa.selenium.remote.codec.w3c.W3CHttpResponseCodec.createException(W3CHttpResponseCodec.java:199)
	at org.openqa.selenium.remote.codec.w3c.W3CHttpResponseCodec.decode(W3CHttpResponseCodec.java:132)
	at org.openqa.selenium.remote.codec.w3c.W3CHttpResponseCodec.decode(W3CHttpResponseCodec.java:51)
	at org.openqa.selenium.remote.HttpCommandExecutor.execute(HttpCommandExecutor.java:191)
	at org.openqa.selenium.remote.service.DriverCommandExecutor.invokeExecute(DriverCommandExecutor.java:196)
	at org.openqa.selenium.remote.service.DriverCommandExecutor.execute(DriverCommandExecutor.java:171)
	at org.openqa.selenium.remote.RemoteWebDriver.execute(RemoteWebDriver.java:531)
	at org.openqa.selenium.remote.RemoteWebElement.execute(RemoteWebElement.java:242)
	at org.openqa.selenium.remote.RemoteWebElement.click(RemoteWebElement.java:77)
	at java.base/jdk.internal.reflect.NativeMethodAccessorImpl.invoke0(Native Method)
	at java.base/jdk.internal.reflect.NativeMethodAccessorImpl.invoke(NativeMethodAccessorImpl.java:62)
	at java.base/jdk.internal.reflect.DelegatingMethodAccessorImpl.invoke(DelegatingMethodAccessorImpl.java:43)
	at java.base/java.lang.reflect.Method.invoke(Method.java:566)
	at org.openqa.selenium.support.pagefactory.internal.LocatingElementHandler.invoke(LocatingElementHandler.java:51)
	at com.sun.proxy.$Proxy22.click(Unknown Source)
	at stepDefinition.MedicineFlow1.click_on_cart_page_proceed_the_product_to_order_page(MedicineFlow1.java:149)
	at âœ½.Click on cart page proceed the Product to Order Page(file:///C:/Users/Netmeds/eclipse-workspace/Monitor/src/test/resources/M1.feature:12)

  Then From Order page choose delivery adress and click on Pay                    # stepDefinition.MedicineFlow1.from_order_page_choose_delivery_adress_and_click_on_pay()
  And check Payment page was landed                                               # stepDefinition.MedicineFlow1.check_payment_page_was_landed()
  And Verify the payment status of the order                                      # stepDefinition.MedicineFlow1.verify_the_payment_status_of_the_order()

    Embedding Search the any of the Product and add into the Cart and Place the Order [image/png 298304 bytes]

2
2
After scenario executed successfully
]]></system-out>
    <system-err><![CDATA[Jul 18, 2023 5:01:13 PM org.openqa.selenium.remote.service.DriverService$Builder getLogOutput
INFO: Driver logs no longer sent to console by default; https://www.selenium.dev/documentation/webdriver/drivers/service/#setting-log-output
The Already logged browser was opened successfuly 
FAILED
2a6669e7-b1e0-4996-bf82-38c0d3ba8371
Search the any of the Product and add into the Cart and Place the Order
class io.cucumber.java.Scenario
1
]]></system-err>
  </testcase>
</testsuite>